SECURITY_ROOM_1
BACK_ROOM_231
CABINET_67_C1
PRINTER_ROOM_76
GARAGE_2
GARAGE_2
BACK_ROOM_231
SECURITY_ROOM_1
BACK_ROOM_231
GARAGE_2
PRINTER_ROOM_76
SECURITY_ROOM_1
PRINTER_ROOM_76
BACK_ROOM_231
BACK_ROOM_231
BACK_ROOM_231
SECURITY_ROOM_1
SECURITY_ROOM_1
BACKDOOR_332
MAIN_FREEZER
GARAGE_2
BACK_ROOM_231
GARAGE_1
GARAGE_1
SECURITY_ROOM_1
SECURITY_ROOM_1
PRINTER_ROOM_76
PRINTER_ROOM_76
GARAGE_2
SECURITY_ROOM_1
CABINET_34_A
GARAGE_2
CABINET_67_C1
CABINET_34_A
CABINET_67_C1
BACKDOOR_332
SECURITY_ROOM_2
SECURITY_ROOM_1
SECURITY_ROOM_2
GARAGE_1
GARAGE_2
CABINET_34_A
CABINET_67_C1
BACKDOOR_332
BACK_ROOM_231
CABINET_67_C1
CABINET_34_A
MAIN_FREEZER
PRINTER_ROOM_76
GARAGE_1
PRINTER_ROOM_76
GARAGE_2
